2026-05-01 02:47:41.423 | INFO     | agent:amadeus_node:112 - [AMADEUS]:等待回复...
2026-05-01 02:47:42.970 | INFO     | agent:amadeus_node:121 - [AMADEUS]:已回复
2026-05-01 02:47:42.972 | INFO     | agent:tool_node:132 - [AMADEUS]:尝试执行工具
2026-05-01 02:47:44.570 | INFO     | agent:amadeus_node:112 - [AMADEUS]:等待回复...
2026-05-01 02:47:47.028 | INFO     | agent:amadeus_node:121 - [AMADEUS]:已回复
2026-05-01 02:50:31.931 | INFO     | agent:init_amadeus:182 - [AMADEUS]:正在加载 Amadeus 核心模型，请稍候...
2026-05-01 02:50:33.585 | INFO     | agent:init_amadeus:211 - [AMADEUS]:核心模型加载完毕，服务就绪。
2026-05-01 02:50:33.585 | INFO     | agent:memory_module:53 - [AMADEUS]:尝试运行记忆模块...
2026-05-01 02:50:41.557 | INFO     | agent:memory_module:78 - [AMADEUS]:记忆模块运行成功
2026-05-01 02:52:32.414 | INFO     | agent:init_amadeus:182 - [AMADEUS]:正在加载 Amadeus 核心模型，请稍候...
2026-05-01 02:52:34.179 | INFO     | agent:memory_module:53 - [AMADEUS]:尝试运行记忆模块...
2026-05-01 02:52:42.337 | INFO     | agent:memory_module:78 - [AMADEUS]:记忆模块运行成功
2026-05-01 02:52:42.339 | INFO     | agent:init_amadeus:212 - [AMADEUS]:核心模型加载完毕，服务就绪。
2026-05-01 02:54:45.910 | INFO     | agent:amadeus_node:112 - [AMADEUS]:等待回复...
2026-05-01 02:54:47.180 | INFO     | agent:amadeus_node:121 - [AMADEUS]:已回复
2026-05-01 02:54:47.181 | INFO     | agent:tool_node:132 - [AMADEUS]:尝试执行工具
2026-05-01 02:54:48.590 | INFO     | agent:amadeus_node:112 - [AMADEUS]:等待回复...
2026-05-01 02:54:50.310 | INFO     | agent:amadeus_node:121 - [AMADEUS]:已回复
2026-05-01 02:57:43.569 | INFO     | agent:init_amadeus:182 - [AMADEUS]:正在加载 Amadeus 核心模型，请稍候...
2026-05-01 02:57:45.216 | INFO     | agent:memory_module:53 - [AMADEUS]:尝试运行记忆模块...
2026-05-01 02:57:53.999 | INFO     | agent:memory_module:78 - [AMADEUS]:记忆模块运行成功
2026-05-01 02:57:54.002 | INFO     | agent:init_amadeus:212 - [AMADEUS]:核心模型加载完毕，服务就绪。
2026-05-01 02:58:08.120 | INFO     | agent:amadeus_node:112 - [AMADEUS]:等待回复...
2026-05-01 02:58:09.583 | INFO     | agent:amadeus_node:121 - [AMADEUS]:已回复
2026-05-01 02:58:09.585 | INFO     | agent:tool_node:132 - [AMADEUS]:尝试执行工具capture_master_screen
2026-05-01 02:58:09.702 | INFO     | agent:amadeus_node:112 - [AMADEUS]:等待回复...
2026-05-01 02:58:12.908 | INFO     | agent:amadeus_node:121 - [AMADEUS]:已回复
2026-05-01 02:59:12.550 | INFO     | agent:init_amadeus:182 - [AMADEUS]:正在加载 Amadeus 核心模型，请稍候...
2026-05-01 02:59:14.146 | INFO     | agent:memory_module:53 - [AMADEUS]:尝试运行记忆模块...
2026-05-01 02:59:22.030 | INFO     | agent:memory_module:78 - [AMADEUS]:记忆模块运行成功
2026-05-01 02:59:22.031 | INFO     | agent:init_amadeus:212 - [AMADEUS]:核心模型加载完毕，服务就绪。
2026-05-01 03:00:59.165 | INFO     | agent:amadeus_node:112 - [AMADEUS]:等待回复...
2026-05-01 03:01:00.367 | INFO     | agent:amadeus_node:121 - [AMADEUS]:已回复
2026-05-01 03:01:00.369 | INFO     | agent:tool_node:132 - [AMADEUS]:尝试执行工具capture_master_screen
2026-05-01 03:01:00.469 | INFO     | agent:amadeus_node:112 - [AMADEUS]:等待回复...
2026-05-01 03:01:02.828 | INFO     | agent:amadeus_node:121 - [AMADEUS]:已回复
2026-05-01 03:01:27.789 | INFO     | agent:amadeus_node:112 - [AMADEUS]:等待回复...
2026-05-01 03:01:29.540 | INFO     | agent:amadeus_node:121 - [AMADEUS]:已回复
2026-05-01 03:01:29.543 | INFO     | agent:tool_node:132 - [AMADEUS]:尝试执行工具list_allowed_directories
2026-05-01 03:01:30.966 | INFO     | agent:amadeus_node:112 - [AMADEUS]:等待回复...
2026-05-01 03:01:32.144 | INFO     | agent:amadeus_node:121 - [AMADEUS]:已回复
2026-05-01 03:01:32.148 | INFO     | agent:tool_node:132 - [AMADEUS]:尝试执行工具list_directory
2026-05-01 03:01:33.621 | INFO     | agent:amadeus_node:112 - [AMADEUS]:等待回复...
2026-05-01 03:01:36.053 | INFO     | agent:amadeus_node:121 - [AMADEUS]:已回复
2026-05-01 03:02:22.102 | INFO     | agent:amadeus_node:112 - [AMADEUS]:等待回复...
2026-05-01 03:02:25.681 | INFO     | agent:amadeus_node:121 - [AMADEUS]:已回复
2026-05-01 03:03:38.946 | INFO     | agent:amadeus_node:112 - [AMADEUS]:等待回复...
2026-05-01 03:03:44.509 | INFO     | agent:amadeus_node:121 - [AMADEUS]:已回复
2026-05-01 03:03:44.513 | INFO     | agent:tool_node:132 - [AMADEUS]:尝试执行工具write_file
2026-05-01 03:03:45.975 | INFO     | agent:amadeus_node:112 - [AMADEUS]:等待回复...
2026-05-01 03:03:47.960 | INFO     | agent:amadeus_node:121 - [AMADEUS]:已回复
2026-05-01 03:08:57.654 | INFO     | agent:init_amadeus:182 - [AMADEUS]:正在加载 Amadeus 核心模型，请稍候...
2026-05-01 03:08:59.285 | INFO     | agent:memory_module:53 - [AMADEUS]:尝试运行记忆模块...
2026-05-01 03:09:08.561 | INFO     | agent:memory_module:78 - [AMADEUS]:记忆模块运行成功
2026-05-01 03:09:08.564 | INFO     | agent:init_amadeus:212 - [AMADEUS]:核心模型加载完毕，服务就绪。
2026-05-01 03:09:12.732 | INFO     | agent:amadeus_node:112 - [AMADEUS]:等待回复...
2026-05-01 03:09:14.335 | INFO     | agent:amadeus_node:121 - [AMADEUS]:已回复
2026-05-01 03:09:14.336 | INFO     | agent:tool_node:132 - [AMADEUS]:尝试执行工具capture_master_screen
2026-05-01 03:09:14.433 | INFO     | agent:amadeus_node:112 - [AMADEUS]:等待回复...
2026-05-01 03:09:17.273 | INFO     | agent:amadeus_node:121 - [AMADEUS]:已回复
2026-05-01 16:33:43.971 | INFO     | agent:memory_module:53 - [AMADEUS]:尝试运行记忆模块...
2026-05-01 16:34:02.872 | INFO     | agent:memory_module:78 - [AMADEUS]:记忆模块运行成功
2026-05-01 16:34:02.874 | INFO     | agent:init_amadeus:212 - [AMADEUS]:核心模型加载完毕，服务就绪。
2026-05-01 16:36:26.822 | INFO     | agent:amadeus_node:112 - [AMADEUS]:等待回复...
2026-05-01 16:36:30.011 | INFO     | agent:amadeus_node:121 - [AMADEUS]:已回复
2026-05-01 16:36:50.085 | INFO     | agent:amadeus_node:112 - [AMADEUS]:等待回复...
2026-05-01 16:36:55.383 | INFO     | agent:amadeus_node:121 - [AMADEUS]:已回复
2026-05-01 16:37:33.044 | INFO     | agent:amadeus_node:112 - [AMADEUS]:等待回复...
2026-05-01 16:37:36.644 | INFO     | agent:amadeus_node:121 - [AMADEUS]:已回复
2026-05-01 16:37:51.086 | INFO     | agent:amadeus_node:112 - [AMADEUS]:等待回复...
2026-05-01 16:37:54.211 | INFO     | agent:amadeus_node:121 - [AMADEUS]:已回复
2026-05-01 16:40:00.365 | INFO     | agent:memory_module:53 - [AMADEUS]:尝试运行记忆模块...
2026-05-01 16:40:17.439 | INFO     | agent:memory_module:78 - [AMADEUS]:记忆模块运行成功
2026-05-01 16:40:17.443 | INFO     | agent:init_amadeus:212 - [AMADEUS]:核心模型加载完毕，服务就绪。
2026-05-01 16:40:30.250 | INFO     | agent:amadeus_node:112 - [AMADEUS]:等待回复...
2026-05-01 16:40:31.964 | INFO     | agent:amadeus_node:121 - [AMADEUS]:已回复
2026-05-01 16:40:31.967 | INFO     | agent:tool_node:132 - [AMADEUS]:尝试执行工具list_allowed_directories
2026-05-01 16:40:33.341 | INFO     | agent:amadeus_node:112 - [AMADEUS]:等待回复...
2026-05-01 16:40:34.800 | INFO     | agent:amadeus_node:121 - [AMADEUS]:已回复
2026-05-01 16:40:34.804 | INFO     | agent:tool_node:132 - [AMADEUS]:尝试执行工具list_directory
2026-05-01 16:40:36.304 | INFO     | agent:amadeus_node:112 - [AMADEUS]:等待回复...
2026-05-01 16:40:38.896 | INFO     | agent:amadeus_node:121 - [AMADEUS]:已回复
2026-05-01 16:42:06.775 | INFO     | agent:amadeus_node:112 - [AMADEUS]:等待回复...
2026-05-01 16:42:10.265 | INFO     | agent:amadeus_node:121 - [AMADEUS]:已回复
2026-05-01 16:42:10.272 | INFO     | agent:tool_node:132 - [AMADEUS]:尝试执行工具read_text_file
2026-05-01 16:42:11.786 | INFO     | agent:tool_node:132 - [AMADEUS]:尝试执行工具list_directory
2026-05-01 16:42:13.207 | INFO     | agent:tool_node:132 - [AMADEUS]:尝试执行工具list_directory
2026-05-01 16:42:14.631 | INFO     | agent:amadeus_node:112 - [AMADEUS]:等待回复...
2026-05-01 16:42:16.180 | INFO     | agent:amadeus_node:121 - [AMADEUS]:已回复
2026-05-01 16:42:16.185 | INFO     | agent:tool_node:132 - [AMADEUS]:尝试执行工具read_text_file
2026-05-01 16:42:17.564 | INFO     | agent:tool_node:132 - [AMADEUS]:尝试执行工具read_text_file
2026-05-01 16:42:19.243 | INFO     | agent:amadeus_node:112 - [AMADEUS]:等待回复...
2026-05-01 16:42:31.119 | INFO     | agent:amadeus_node:121 - [AMADEUS]:已回复
2026-05-01 16:42:31.122 | INFO     | agent:tool_node:132 - [AMADEUS]:尝试执行工具write_file
2026-05-01 16:42:32.525 | INFO     | agent:amadeus_node:112 - [AMADEUS]:等待回复...
2026-05-01 16:42:34.897 | INFO     | agent:amadeus_node:121 - [AMADEUS]:已回复
2026-05-02 06:54:25.204 | INFO     | agent:memory_module:53 - [AMADEUS]:尝试运行记忆模块...
2026-05-02 06:54:35.701 | INFO     | agent:memory_module:78 - [AMADEUS]:记忆模块运行成功
2026-05-02 06:54:35.703 | INFO     | agent:init_amadeus:212 - [AMADEUS]:核心模型加载完毕，服务就绪。
2026-05-02 06:54:48.775 | INFO     | agent:amadeus_node:112 - [AMADEUS]:等待回复...
2026-05-02 06:54:52.948 | INFO     | agent:amadeus_node:121 - [AMADEUS]:已回复
2026-05-02 08:24:53.420 | INFO     | agent:amadeus_node:112 - [AMADEUS]:等待回复...
2026-05-02 08:24:57.279 | INFO     | agent:amadeus_node:121 - [AMADEUS]:已回复
2026-05-04 12:46:30.255 | INFO     | agent:memory_module:53 - [AMADEUS]:尝试运行记忆模块...
2026-05-04 12:46:51.793 | ERROR    | agent:memory_module:77 - [AMADEUS]:记忆模块运行失败，{e}
2026-05-04 12:46:51.793 | INFO     | agent:memory_module:78 - [AMADEUS]:记忆模块运行成功
2026-05-04 12:50:46.242 | INFO     | agent:memory_module:53 - [AMADEUS]:尝试运行记忆模块...
2026-05-04 12:50:58.723 | INFO     | agent:memory_module:78 - [AMADEUS]:记忆模块运行成功
2026-05-04 12:50:58.729 | INFO     | agent:init_amadeus:212 - [AMADEUS]:核心模型加载完毕，服务就绪。
2026-05-04 12:54:20.223 | INFO     | agent:amadeus_node:112 - [AMADEUS]:等待回复...
2026-05-04 12:54:24.970 | INFO     | agent:amadeus_node:121 - [AMADEUS]:已回复
2026-05-04 12:55:39.386 | INFO     | agent:amadeus_node:112 - [AMADEUS]:等待回复...
2026-05-04 12:55:45.286 | INFO     | agent:amadeus_node:121 - [AMADEUS]:已回复
2026-05-04 12:56:43.765 | INFO     | agent:amadeus_node:112 - [AMADEUS]:等待回复...
2026-05-04 12:56:47.661 | INFO     | agent:amadeus_node:121 - [AMADEUS]:已回复
2026-05-04 15:00:34.750 | INFO     | agent:amadeus_node:112 - [AMADEUS]:等待回复...
2026-05-04 15:00:41.191 | INFO     | agent:amadeus_node:121 - [AMADEUS]:已回复
2026-05-04 15:57:50.163 | INFO     | agent:amadeus_node:112 - [AMADEUS]:等待回复...
2026-05-04 15:57:55.968 | INFO     | agent:amadeus_node:121 - [AMADEUS]:已回复
2026-05-04 20:55:58.697 | INFO     | agent:amadeus_node:112 - [AMADEUS]:等待回复...
2026-05-04 20:56:04.479 | INFO     | agent:amadeus_node:121 - [AMADEUS]:已回复
2026-05-04 20:56:44.288 | INFO     | agent:amadeus_node:112 - [AMADEUS]:等待回复...
2026-05-04 20:56:49.720 | INFO     | agent:amadeus_node:121 - [AMADEUS]:已回复
2026-05-05 20:24:30.608 | INFO     | agent:memory_module:53 - [AMADEUS]:尝试运行记忆模块...
2026-05-05 20:24:56.338 | INFO     | agent:memory_module:78 - [AMADEUS]:记忆模块运行成功
2026-05-05 20:24:56.340 | INFO     | agent:init_amadeus:212 - [AMADEUS]:核心模型加载完毕，服务就绪。
2026-05-05 20:26:10.665 | INFO     | agent:amadeus_node:112 - [AMADEUS]:等待回复...
2026-05-05 20:26:13.917 | INFO     | agent:amadeus_node:121 - [AMADEUS]:已回复
2026-05-05 21:56:09.748 | INFO     | agent:memory_module:54 - [AMADEUS]:尝试运行记忆模块...
2026-05-05 21:56:21.081 | INFO     | agent:memory_module:79 - [AMADEUS]:记忆模块运行成功
2026-05-05 21:56:21.085 | INFO     | agent:init_amadeus:209 - [AMADEUS]:核心模型加载完毕，服务就绪。
2026-05-05 21:57:01.265 | INFO     | agent:amadeus_node:109 - [AMADEUS]:等待回复...
2026-05-05 21:57:03.885 | INFO     | agent:amadeus_node:118 - [AMADEUS]:已回复
2026-05-05 21:58:37.388 | INFO     | agent:memory_module:54 - [AMADEUS]:尝试运行记忆模块...
2026-05-05 21:58:46.504 | INFO     | agent:memory_module:79 - [AMADEUS]:记忆模块运行成功
2026-05-05 21:58:46.506 | INFO     | agent:init_amadeus:209 - [AMADEUS]:核心模型加载完毕，服务就绪。
2026-05-05 21:58:53.014 | INFO     | agent:amadeus_node:109 - [AMADEUS]:等待回复...
2026-05-05 21:58:55.412 | INFO     | agent:amadeus_node:118 - [AMADEUS]:已回复
2026-05-05 22:00:07.265 | INFO     | agent:memory_module:54 - [AMADEUS]:尝试运行记忆模块...
2026-05-05 22:00:16.294 | INFO     | agent:memory_module:79 - [AMADEUS]:记忆模块运行成功
2026-05-05 22:00:16.297 | INFO     | agent:init_amadeus:209 - [AMADEUS]:核心模型加载完毕，服务就绪。
2026-05-05 22:03:55.863 | INFO     | agent:amadeus_node:109 - [AMADEUS]:等待回复...
2026-05-05 22:03:58.696 | INFO     | agent:amadeus_node:118 - [AMADEUS]:已回复
2026-05-05 22:05:31.039 | INFO     | agent:amadeus_node:109 - [AMADEUS]:等待回复...
2026-05-05 22:05:41.910 | INFO     | agent:amadeus_node:118 - [AMADEUS]:已回复
2026-05-05 22:13:36.349 | INFO     | agent:memory_module:54 - [AMADEUS]:尝试运行记忆模块...
2026-05-05 22:13:49.799 | INFO     | agent:memory_module:79 - [AMADEUS]:记忆模块运行成功
2026-05-05 22:13:49.805 | INFO     | agent:init_amadeus:209 - [AMADEUS]:核心模型加载完毕，服务就绪。
2026-05-05 22:16:46.401 | INFO     | agent:amadeus_node:109 - [AMADEUS]:等待回复...
2026-05-05 22:16:49.194 | INFO     | agent:amadeus_node:118 - [AMADEUS]:已回复
2026-05-05 22:17:02.765 | INFO     | agent:amadeus_node:109 - [AMADEUS]:等待回复...
2026-05-05 22:17:06.427 | INFO     | agent:amadeus_node:118 - [AMADEUS]:已回复
2026-05-05 22:17:20.628 | INFO     | agent:amadeus_node:109 - [AMADEUS]:等待回复...
2026-05-05 22:17:24.123 | INFO     | agent:amadeus_node:118 - [AMADEUS]:已回复
2026-05-05 22:17:41.473 | INFO     | agent:amadeus_node:109 - [AMADEUS]:等待回复...
2026-05-05 22:17:43.862 | INFO     | agent:amadeus_node:118 - [AMADEUS]:已回复
2026-05-05 22:17:55.317 | INFO     | agent:amadeus_node:109 - [AMADEUS]:等待回复...
2026-05-05 22:17:59.418 | INFO     | agent:amadeus_node:118 - [AMADEUS]:已回复
2026-05-05 22:55:17.755 | INFO     | agent:amadeus_node:109 - [AMADEUS]:等待回复...
2026-05-05 22:55:20.102 | INFO     | agent:amadeus_node:118 - [AMADEUS]:已回复
2026-05-05 22:57:21.957 | INFO     | agent:amadeus_node:109 - [AMADEUS]:等待回复...
2026-05-05 22:57:27.001 | INFO     | agent:amadeus_node:118 - [AMADEUS]:已回复
2026-05-05 22:58:11.307 | INFO     | agent:amadeus_node:109 - [AMADEUS]:等待回复...
2026-05-05 22:58:15.595 | INFO     | agent:amadeus_node:118 - [AMADEUS]:已回复
2026-05-05 23:02:47.915 | INFO     | agent:amadeus_node:109 - [AMADEUS]:等待回复...
2026-05-05 23:02:51.497 | INFO     | agent:amadeus_node:118 - [AMADEUS]:已回复
2026-05-05 23:03:25.651 | INFO     | agent:amadeus_node:109 - [AMADEUS]:等待回复...
2026-05-05 23:03:29.947 | INFO     | agent:amadeus_node:118 - [AMADEUS]:已回复
